r	gmin	g	gmax	L	tmin	t	tmax	gamin	ga	gamax	kmin	k_mm	kmax	L_mm	Mmin	Ming	Mmax
  0.250000	  3.153365	  4.950088	  3.849329	  0.395185	  0.950638	  0.861967	  1.050444	195.994440	175.451032	297.207156	  0.873839	  0.753890	  1.180391	  0.262003	  0.922054	  0.689355  1.099440
  0.500000	  1.850298	  2.841549	  2.224198	  0.684999	  0.951793	  0.864193	  1.048437	198.464732	175.389232	296.608648	  0.882272	  0.758378	  1.174430	  0.562495	  0.929151	  0.694984  1.093501
  0.750000	  1.437017	  2.157278	  1.697001	  0.940295	  0.952299	  0.865810	  1.046446	201.242903	175.322952	295.300834	  0.889689	  0.764893	  1.168190	  0.821848	  0.931294	  0.701686  1.088005
  1.000000	  1.241386	  1.826229	  1.448832	  1.198075	  0.952702	  0.866293	  1.045739	203.361485	174.377060	293.391872	  0.891566	  0.769968	  1.163015	  1.086521	  0.933788	  0.707537  1.083950
  1.250000	  1.125669	  1.634338	  1.311578	  1.529021	  0.952030	  0.866675	  1.045107	205.042728	173.642639	291.430593	  0.891869	  0.774687	  1.158649	  1.343939	  0.937300	  0.712843  1.079736
  1.500000	  1.054432	  1.511959	  1.226874	  1.859726	  0.952072	  0.867243	  1.043988	207.232747	173.275080	290.514997	  0.892131	  0.781154	  1.154537	  1.590256	  0.939083	  0.717456  1.075600
  1.750000	  1.011469	  1.429817	  1.171914	  2.198371	  0.952453	  0.868235	  1.043024	208.138381	173.106538	289.558855	  0.891541	  0.788113	  1.149572	  1.863200	  0.939389	  0.721856  1.071391
  2.000000	  0.985271	  1.373369	  1.135674	  2.471604	  0.953179	  0.869228	  1.041816	209.322067	173.093128	288.540386	  0.890790	  0.795097	  1.144247	  2.074542	  0.939187	  0.726634  1.068286
  2.250000	  0.969857	  1.335604	  1.111251	  2.726642	  0.954477	  0.870481	  1.040526	211.014210	173.517231	287.667558	  0.890901	  0.802894	  1.138980	  2.282849	  0.938547	  0.731116  1.065735
  2.500000	  0.959981	  1.308323	  1.094464	  3.037076	  0.956081	  0.871912	  1.038806	213.006095	174.336259	286.795566	  0.891179	  0.811510	  1.139637	  2.576569	  0.937616	  0.735092  1.062599
  2.750000	  0.950784	  1.288535	  1.082859	  3.310639	  0.958390	  0.873436	  1.039544	214.269353	175.510661	285.666698	  0.891087	  0.820659	  1.138898	  2.827048	  0.936331	  0.739093  1.059192
  3.000000	  0.944780	  1.273706	  1.075771	  3.588287	  0.960564	  0.875267	  1.039932	214.251503	176.816409	284.610374	  0.890038	  0.829188	  1.138451	  3.062068	  0.935164	  0.743208  1.055843
  3.250000	  0.941848	  1.262457	  1.070994	  3.884227	  0.962655	  0.877149	  1.039770	214.001662	178.062562	283.912494	  0.889048	  0.836774	  1.140148	  3.386739	  0.934351	  0.747466  1.051819
  3.500000	  0.941440	  1.253469	  1.067544	  4.131958	  0.963237	  0.878986	  1.038894	213.953706	179.157656	283.637194	  0.887882	  0.844378	  1.140298	  3.604121	  0.933832	  0.752242  1.048079
  3.750000	  0.941762	  1.245652	  1.065417	  4.389003	  0.962862	  0.880979	  1.037711	214.338521	180.094874	283.568331	  0.887860	  0.852412	  1.139474	  3.824069	  0.933739	  0.757475  1.044425
  4.000000	  0.943626	  1.238286	  1.063674	  4.670486	  0.961910	  0.883463	  1.036388	215.088656	181.315653	283.529351	  0.888522	  0.861145	  1.137325	  4.119407	  0.933479	  0.762677  1.040860
  4.250000	  0.945102	  1.230878	  1.062454	  4.944912	  0.961254	  0.886264	  1.034855	215.405626	182.853382	283.654427	  0.889357	  0.870079	  1.133326	  4.355284	  0.933214	  0.768404  1.038495
  4.500000	  0.946983	  1.223432	  1.061091	  5.167145	  0.961210	  0.889186	  1.033245	215.600731	184.423397	283.357229	  0.889437	  0.879546	  1.128806	  4.562961	  0.933100	  0.774182  1.038075
  4.750000	  0.948220	  1.215955	  1.059746	  5.472071	  0.961267	  0.892872	  1.031525	215.778521	186.397319	282.738662	  0.889436	  0.889047	  1.123722	  4.855578	  0.933541	  0.780187  1.037732
  5.000000	  0.949058	  1.208506	  1.060788	  5.703185	  0.961424	  0.896800	  1.029695	215.846926	188.535108	282.092206	  0.889661	  0.897964	  1.120540	  5.071816	  0.934049	  0.785698  1.036757
  5.250000	  0.950056	  1.201131	  1.061029	  5.955818	  0.961503	  0.900629	  1.028256	215.874612	190.565406	281.579729	  0.889896	  0.906299	  1.116728	  5.331226	  0.934786	  0.791177  1.035601
  5.500000	  0.951244	  1.194675	  1.060199	  6.191586	  0.961652	  0.904543	  1.027403	215.912657	192.671562	280.975858	  0.889946	  0.914861	  1.111733	  5.556774	  0.935393	  0.796103  1.034817
  5.750000	  0.952855	  1.189194	  1.059060	  6.465638	  0.961846	  0.908321	  1.026396	216.032929	194.783053	280.096365	  0.890030	  0.922726	  1.106388	  5.844370	  0.936289	  0.800347  1.035695
  6.000000	  0.954811	  1.184212	  1.057507	  6.741121	  0.962186	  0.911650	  1.026741	216.272236	196.642365	279.084243	  0.889447	  0.929784	  1.101924	  6.117032	  0.937860	  0.804085  1.038581
  6.250000	  0.954913	  1.178450	  1.055468	  7.041662	  0.962551	  0.914842	  1.026730	216.393026	198.358706	277.752883	  0.888224	  0.935553	  1.097180	  6.467207	  0.939685	  0.807732  1.041326
  6.500000	  0.953799	  1.173066	  1.053448	  7.283041	  0.962992	  0.917809	  1.026337	216.440927	200.128415	277.717738	  0.887117	  0.940650	  1.091406	  6.701789	  0.940940	  0.811607  1.043441
  6.750000	  0.952586	  1.168045	  1.053651	  7.565987	  0.963533	  0.920579	  1.025971	216.565107	201.731951	277.786088	  0.886419	  0.945156	  1.090287	  6.983429	  0.941883	  0.815502  1.044977
  7.000000	  0.951748	  1.163732	  1.054065	  7.825063	  0.964020	  0.923269	  1.025556	216.697556	203.186596	277.696056	  0.886314	  0.949145	  1.091735	  7.248692	  0.943275	  0.819224  1.045817
  7.250000	  0.950770	  1.159675	  1.054483	  8.100857	  0.964879	  0.925706	  1.024930	217.214678	204.527091	277.876447	  0.886768	  0.951955	  1.093597	  7.522000	  0.944647	  0.822904  1.045702
  7.500000	  0.950086	  1.155572	  1.054347	  8.351818	  0.965567	  0.927927	  1.023907	217.873821	205.811799	278.012926	  0.887517	  0.953501	  1.096945	  7.760082	  0.945960	  0.826659  1.045250
  7.750000	  0.950340	  1.151047	  1.053868	  8.627554	  0.966393	  0.929742	  1.024607	218.554320	206.874043	277.849244	  0.888329	  0.954229	  1.100048	  8.075780	  0.946800	  0.829696  1.044722
  8.000000	  0.950839	  1.146106	  1.053936	  8.870725	  0.967504	  0.931457	  1.025522	219.341865	207.870680	277.268233	  0.889316	  0.954753	  1.103358	  8.330815	  0.947366	  0.832578  1.044027
  8.250000	  0.951471	  1.141425	  1.054536	  9.131676	  0.968764	  0.933102	  1.026577	220.233066	208.769469	276.930792	  0.890424	  0.954049	  1.106412	  8.624657	  0.947719	  0.835430  1.043423
  8.500000	  0.950892	  1.136506	  1.054885	  9.373791	  0.969885	  0.934794	  1.027665	221.283405	209.516070	276.601192	  0.891425	  0.952318	  1.108776	  8.884412	  0.949093	  0.838210  1.042603
  8.750000	  0.950656	  1.131535	  1.055263	  9.653975	  0.970441	  0.936488	  1.028637	222.498416	210.298058	277.041331	  0.892857	  0.951291	  1.109994	  9.169660	  0.951470	  0.841356  1.041314
  9.000000	  0.950872	  1.126480	  1.055258	  9.892003	  0.971034	  0.938061	  1.029313	222.275504	210.968394	277.355925	  0.894324	  0.950460	  1.110972	  9.392743	  0.954334	  0.844781  1.039412
  9.250000	  0.950897	  1.121149	  1.055704	 10.150173	  0.971919	  0.939755	  1.029703	222.215421	211.591340	277.622436	  0.895873	  0.949516	  1.111856	  9.680355	  0.954632	  0.848282  1.037027
  9.500000	  0.950728	  1.115603	  1.056984	 10.418798	  0.972700	  0.941365	  1.029952	222.282030	212.218181	277.806646	  0.897696	  0.948751	  1.112254	  9.948694	  0.954315	  0.851608  1.034678
  9.750000	  0.951333	  1.110295	  1.058135	 10.687173	  0.972871	  0.942778	  1.029784	222.509712	212.715773	277.933204	  0.899874	  0.948284	  1.112139	 10.234722	  0.954357	  0.854710  1.032599
 10.000000	  0.951952	  1.104657	  1.059003	 10.933287	  0.972947	  0.944053	  1.029360	222.719617	213.030375	277.905542	  0.902069	  0.947822	  1.112368	 10.472253	  0.954700	  0.857655  1.032687
 10.250000	  0.951118	  1.099129	  1.061503	 11.174875	  0.973177	  0.945212	  1.028658	223.007597	213.333160	277.721613	  0.904935	  0.947343	  1.112985	 10.706920	  0.955528	  0.860361  1.033248
 10.500000	  0.949447	  1.093303	  1.063707	 11.430446	  0.973480	  0.946445	  1.027696	223.384801	213.560977	277.560874	  0.908409	  0.947172	  1.113549	 10.953414	  0.956553	  0.862992  1.032982
 10.750000	  0.948103	  1.087918	  1.065327	 11.691946	  0.973768	  0.947666	  1.026488	223.870379	213.937005	277.568674	  0.909681	  0.947016	  1.113196	 11.227735	  0.957245	  0.865271  1.032243
 11.000000	  0.946648	  1.083075	  1.066570	 11.941375	  0.973759	  0.948954	  1.025363	224.571183	214.312857	277.507448	  0.911111	  0.946128	  1.112616	 11.456198	  0.956406	  0.867022  1.031814
 11.250000	  0.944098	  1.078041	  1.067195	 12.196303	  0.973841	  0.950130	  1.024711	225.318504	214.709462	277.814550	  0.912984	  0.944912	  1.112504	 11.681792	  0.955831	  0.868930  1.031912
 11.500000	  0.941937	  1.073302	  1.067370	 12.444637	  0.974038	  0.951329	  1.024257	225.398597	215.151903	278.331134	  0.914999	  0.943902	  1.112164	 11.909936	  0.955298	  0.871341  1.031949
 11.750000	  0.940211	  1.068784	  1.067501	 12.688696	  0.974196	  0.952579	  1.024625	225.454013	215.643608	278.581006	  0.917175	  0.943835	  1.111705	 12.144518	  0.954973	  0.874520  1.032105
 12.000000	  0.938704	  1.064589	  1.067660	 12.932147	  0.974258	  0.953904	  1.024730	225.444149	216.194095	278.644386	  0.919823	  0.943791	  1.110814	 12.375424	  0.955131	  0.877832  1.032300
 12.250000	  0.937754	  1.060363	  1.068202	 13.194096	  0.973678	  0.955196	  1.024579	225.434088	216.835616	278.494333	  0.923069	  0.944263	  1.108985	 12.604734	  0.955667	  0.881215  1.032283
 12.500000	  0.937790	  1.055803	  1.068656	 13.421493	  0.973460	  0.956611	  1.024503	225.351219	217.576552	278.158816	  0.925108	  0.945337	  1.107346	 12.811404	  0.956417	  0.884430  1.031880
 12.750000	  0.938229	  1.051273	  1.068750	 13.670156	  0.973466	  0.958029	  1.024335	225.445972	218.377355	277.898836	  0.925062	  0.946744	  1.106026	 13.104918	  0.957345	  0.887646  1.031379
 13.000000	  0.939344	  1.047242	  1.068916	 13.921375	  0.973522	  0.959332	  1.024589	225.734541	219.154976	277.714718	  0.923375	  0.947626	  1.105049	 13.350794	  0.958717	  0.890926  1.031109
 13.250000	  0.937796	  1.043583	  1.069305	 14.160242	  0.973280	  0.960638	  1.024980	226.108770	219.870365	277.656655	  0.922381	  0.948202	  1.103361	 13.586797	  0.960313	  0.894490  1.031307
 13.500000	  0.936084	  1.040470	  1.069829	 14.406079	  0.972956	  0.962096	  1.025298	226.532312	220.754791	277.495800	  0.920969	  0.949330	  1.101126	 13.839415	  0.961808	  0.897870  1.031437
 13.750000	  0.934899	  1.037900	  1.071512	 14.659016	  0.972686	  0.963642	  1.025227	226.963334	221.892477	277.268901	  0.919941	  0.950451	  1.098766	 14.112368	  0.963148	  0.901149  1.032628
 14.000000	  0.933540	  1.035989	  1.073092	 14.891072	  0.972515	  0.965018	  1.025205	227.429223	222.987503	277.151107	  0.919018	  0.951407	  1.096046	 14.321856	  0.964510	  0.904132  1.033537
 14.250000	  0.932478	  1.034189	  1.074843	 15.118301	  0.972466	  0.966340	  1.025171	227.889884	224.018759	276.952412	  0.918299	  0.952195	  1.094402	 14.567774	  0.965642	  0.906615  1.034396
 14.500000	  0.932045	  1.032887	  1.076483	 15.351602	  0.972386	  0.967660	  1.024979	228.068489	225.235289	276.986678	  0.917711	  0.952728	  1.098220	 14.795705	  0.966827	  0.909131  1.035504
 14.750000	  0.932069	  1.032112	  1.077920	 15.620029	  0.972404	  0.968796	  1.024956	228.075783	226.335821	276.984145	  0.917943	  0.953278	  1.101026	 15.051517	  0.967868	  0.911737  1.036359
 15.000000	  0.931985	  1.031955	  1.079378	 15.857932	  0.972372	  0.969904	  1.024902	228.152119	227.348796	276.685772	  0.918998	  0.953684	  1.103190	 15.267423	  0.969047	  0.914078  1.036471
 15.250000	  0.932423	  1.032630	  1.081260	 16.090593	  0.972532	  0.970591	  1.024574	228.545624	228.141264	276.149390	  0.920498	  0.952678	  1.105267	 15.505635	  0.969476	  0.916148  1.035866
 15.500000	  0.932912	  1.033599	  1.083019	 16.330995	  0.973159	  0.970987	  1.024502	229.002462	228.755728	276.486549	  0.922893	  0.951397	  1.107031	 15.770130	  0.969331	  0.918324  1.034965
 15.750000	  0.933694	  1.034663	  1.084215	 16.582639	  0.973796	  0.971204	  1.024294	229.600657	229.285135	276.884987	  0.924505	  0.949548	  1.108615	 16.016250	  0.969390	  0.920513  1.034355
 16.000000	  0.934526	  1.035925	  1.085321	 16.825002	  0.974338	  0.971124	  1.023915	230.341561	229.638336	277.177784	  0.926282	  0.947355	  1.109797	 16.252746	  0.969678	  0.922406  1.034818
 16.250000	  0.934972	  1.037514	  1.086037	 17.057791	  0.974810	  0.970694	  1.023393	230.714621	229.868941	277.286040	  0.927732	  0.944622	  1.110355	 16.495034	  0.969948	  0.924323  1.035195
 16.500000	  0.935385	  1.039565	  1.086801	 17.288910	  0.975342	  0.970141	  1.022810	231.083219	230.055693	277.314781	  0.928772	  0.941322	  1.110470	 16.738093	  0.970391	  0.926391  1.035453
 16.750000	  0.936028	  1.041913	  1.087276	 17.533669	  0.975611	  0.969619	  1.022354	231.334120	230.235468	277.302335	  0.929760	  0.938369	  1.109870	 16.966511	  0.970387	  0.928445  1.035647
 17.000000	  0.935504	  1.044270	  1.088147	 17.782628	  0.975329	  0.969142	  1.021667	231.458899	230.427945	277.095625	  0.931037	  0.935540	  1.109157	 17.197013	  0.970353	  0.930410  1.035728
 17.250000	  0.934807	  1.046883	  1.088654	 18.038613	  0.975196	  0.968907	  1.021112	231.655042	230.569607	276.894056	  0.932125	  0.932470	  1.108055	 17.449178	  0.970384	  0.932394  1.035742
 17.500000	  0.934299	  1.049423	  1.088339	 18.284839	  0.975060	  0.968554	  1.020775	231.777404	230.620211	276.734162	  0.933038	  0.929562	  1.107155	 17.692267	  0.970463	  0.934513  1.035384
 17.750000	  0.933371	  1.052312	  1.088063	 18.537855	  0.975045	  0.967879	  1.020389	231.895955	230.452652	276.305820	  0.934017	  0.926695	  1.106270	 17.930351	  0.970730	  0.936477  1.034759
 18.000000	  0.932487	  1.054798	  1.087661	 18.790961	  0.975287	  0.966978	  1.019927	231.506479	230.134141	275.757088	  0.930645	  0.923944	  1.105492	 18.168594	  0.970801	  0.938243  1.033942
 18.250000	  0.931615	  1.057293	  1.086539	 19.051650	  0.975703	  0.966161	  1.019505	230.922650	229.959252	275.335513	  0.927513	  0.921672	  1.105093	 18.424363	  0.969746	  0.940013  1.033175
 18.500000	  0.930728	  1.059410	  1.085457	 19.297239	  0.976201	  0.965463	  1.019093	230.413243	229.657942	275.491640	  0.924861	  0.919661	  1.104895	 18.660433	  0.968995	  0.941499  1.032268
 18.750000	  0.929762	  1.061797	  1.084337	 19.555663	  0.976787	  0.965061	  1.019065	230.130322	229.524109	275.618628	  0.922748	  0.917891	  1.104669	 18.913331	  0.968340	  0.942647  1.031118
 19.000000	  0.928701	  1.064582	  1.082694	 19.817284	  0.977476	  0.964914	  1.019051	229.948826	229.402011	275.789372	  0.921248	  0.915938	  1.104299	 19.142297	  0.967991	  0.943497  1.031020
 19.250000	  0.927439	  1.067101	  1.081044	 20.079119	  0.978209	  0.964700	  1.019006	229.856225	229.268402	276.130862	  0.920012	  0.913869	  1.103906	 19.375862	  0.967561	  0.944581  1.030659
 19.500000	  0.926301	  1.069633	  1.079028	 20.331693	  0.979058	  0.964635	  1.019173	229.824976	229.354577	276.444557	  0.918784	  0.911611	  1.103855	 19.634799	  0.967254	  0.945962  1.029937
 19.750000	  0.925573	  1.071825	  1.077286	 20.591370	  0.978941	  0.964700	  1.019110	229.944004	229.496656	276.626944	  0.917606	  0.910030	  1.103927	 19.859848	  0.966687	  0.947818  1.029155
 20.000000	  0.924930	  1.073591	  1.078504	 20.844718	  0.978655	  0.964581	  1.019085	230.083893	229.388178	276.903416	  0.916740	  0.908486	  1.104224	 20.100908	  0.966181	  0.949772  1.028679
 20.250000	  0.923773	  1.074625	  1.079314	 21.116382	  0.978537	  0.964522	  1.019283	230.294306	229.321989	277.294044	  0.916211	  0.907114	  1.104985	 20.357518	  0.965514	  0.951660  1.028574
 20.500000	  0.922620	  1.074756	  1.079631	 21.364762	  0.978553	  0.964689	  1.019629	230.420621	229.341846	277.660229	  0.915756	  0.906193	  1.106107	 20.590413	  0.965356	  0.953281  1.028642
 20.750000	  0.921386	  1.074437	  1.079745	 21.636205	  0.978537	  0.964775	  1.020015	230.570833	229.457323	278.082962	  0.915835	  0.905962	  1.106289	 20.848371	  0.965417	  0.954901  1.028615
 21.000000	  0.920080	  1.073911	  1.079531	 21.884947	  0.978522	  0.964885	  1.020413	230.791710	229.596892	278.527418	  0.914170	  0.905839	  1.106217	 21.066840	  0.965556	  0.956682  1.028568
 21.250000	  0.918924	  1.072932	  1.078988	 22.149914	  0.978421	  0.965152	  1.020891	230.915389	229.828185	278.836019	  0.911864	  0.905662	  1.106222	 21.313057	  0.965669	  0.958419  1.028255
 21.500000	  0.917931	  1.071307	  1.078170	 22.405203	  0.978316	  0.965673	  1.021214	231.062089	230.255417	279.226018	  0.910149	  0.905650	  1.106436	 21.557330	  0.965861	  0.959938  1.028080
 21.750000	  0.916811	  1.069326	  1.077298	 22.648271	  0.978255	  0.966382	  1.021270	231.188091	230.824960	279.889070	  0.909101	  0.905482	  1.106980	 21.773935	  0.965955	  0.961404  1.027938
 22.000000	  0.915855	  1.067403	  1.076494	 22.919374	  0.978329	  0.967330	  1.021202	231.388082	231.560373	280.562198	  0.908347	  0.905223	  1.107393	 22.044385	  0.966075	  0.962850  1.028424
 22.250000	  0.915084	  1.065505	  1.078149	 23.178281	  0.978548	  0.968525	  1.020883	231.415120	232.440973	281.256827	  0.908578	  0.904862	  1.107611	 22.294634	  0.966376	  0.963712  1.028500
 22.500000	  0.914084	  1.063311	  1.079245	 23.432830	  0.979045	  0.969725	  1.020538	231.116245	233.386812	281.902390	  0.909500	  0.904635	  1.108031	 22.535978	  0.966712	  0.964472  1.028622
 22.750000	  0.912737	  1.061168	  1.080147	 23.702944	  0.978617	  0.970705	  1.020167	231.044882	234.259309	282.294601	  0.910232	  0.905315	  1.107970	 22.796657	  0.967098	  0.964869  1.028987
 23.000000	  0.911269	  1.058957	  1.080251	 23.972077	  0.978304	  0.971783	  1.019999	231.187318	235.114547	282.612693	  0.911128	  0.906296	  1.107879	 23.052224	  0.967271	  0.965059  1.029493
 23.250000	  0.909841	  1.057092	  1.080682	 24.235673	  0.978141	  0.972759	  1.020689	231.269238	235.917711	283.069297	  0.912099	  0.907097	  1.107808	 23.280646	  0.967595	  0.964847  1.029603
 23.500000	  0.908804	  1.055036	  1.081725	 24.487640	  0.977931	  0.973768	  1.021303	231.144584	236.730830	283.442668	  0.913385	  0.908473	  1.108010	 23.518182	  0.968049	  0.964844  1.029267
 23.750000	  0.907737	  1.052773	  1.082548	 24.735916	  0.977755	  0.974738	  1.022008	230.960840	237.414615	283.884048	  0.915216	  0.909487	  1.108214	 23.758622	  0.968575	  0.964832  1.028735
 24.000000	  0.906715	  1.050513	  1.082602	 24.978811	  0.977635	  0.975486	  1.022468	230.856492	237.817740	284.215329	  0.917163	  0.909818	  1.108290	 23.979885	  0.969133	  0.964855  1.028596
 24.250000	  0.905944	  1.047987	  1.082610	 25.225904	  0.977784	  0.976234	  1.022919	230.728339	238.184174	284.361673	  0.919544	  0.910016	  1.107725	 24.207662	  0.969601	  0.964914  1.028403
 24.500000	  0.905429	  1.045770	  1.082656	 25.466179	  0.978053	  0.976798	  1.023214	230.455366	238.489731	284.293393	  0.922079	  0.910573	  1.106585	 24.457485	  0.969550	  0.964940  1.028077
 24.750000	  0.905158	  1.043409	  1.082606	 25.730872	  0.978293	  0.977413	  1.023437	230.248597	238.808427	284.101114	  0.924401	  0.911622	  1.105581	 24.716672	  0.969395	  0.964962  1.028995
 25.000000	  0.904899	  1.040839	  1.082717	 25.974619	  0.978500	  0.978091	  1.023606	230.013427	239.144334	283.825815	  0.925640	  0.912565	  1.104363	 24.949236	  0.969585	  0.964897  1.030167
 25.250000	  0.904902	  1.037939	  1.082742	 26.205827	  0.978339	  0.979031	  1.023806	229.751677	239.568674	283.572610	  0.925538	  0.913182	  1.103042	 25.158573	  0.969880	  0.965084  1.031264
 25.500000	  0.905162	  1.034861	  1.082647	 26.452422	  0.978136	  0.980123	  1.023997	229.473256	239.970600	283.247366	  0.925371	  0.913606	  1.102318	 25.393516	  0.970358	  0.965415  1.032031
 25.750000	  0.905478	  1.031735	  1.082558	 26.704806	  0.977997	  0.981053	  1.024274	229.057636	240.065680	282.884378	  0.925574	  0.913607	  1.101171	 25.617903	  0.970578	  0.965761  1.032296
 26.000000	  0.905801	  1.028350	  1.082216	 26.961474	  0.978064	  0.981858	  1.024606	228.601463	240.034905	282.572529	  0.925749	  0.913787	  1.100029	 25.849802	  0.970784	  0.966324  1.032323
 26.250000	  0.906165	  1.025317	  1.081515	 27.209977	  0.978271	  0.982835	  1.024903	228.224685	240.210874	282.281648	  0.924794	  0.914643	  1.098990	 26.079297	  0.971165	  0.967366  1.031989
 26.500000	  0.906583	  1.022469	  1.080729	 27.451984	  0.977783	  0.983857	  1.025049	227.771678	240.406097	281.856501	  0.922704	  0.916150	  1.097691	 26.316080	  0.971756	  0.968117  1.031596
 26.750000	  0.907031	  1.019921	  1.080321	 27.709112	  0.977304	  0.984983	  1.024953	227.414269	240.627546	281.296942	  0.920993	  0.917943	  1.095766	 26.583932	  0.972405	  0.968956  1.031378
 27.000000	  0.907425	  1.017606	  1.079883	 27.958999	  0.976865	  0.986115	  1.024714	227.162012	240.713919	280.691120	  0.919843	  0.919761	  1.093752	 26.837532	  0.971937	  0.970032  1.031420
 27.250000	  0.908023	  1.015254	  1.080030	 28.218162	  0.976464	  0.987249	  1.024528	226.886025	240.662804	280.163123	  0.919111	  0.921558	  1.091704	 27.088752	  0.971311	  0.971469  1.031343
 27.500000	  0.908567	  1.012964	  1.080532	 28.449243	  0.976369	  0.988402	  1.024365	226.680846	240.644902	279.606538	  0.918705	  0.922695	  1.090387	 27.320101	  0.970599	  0.973231  1.031510
 27.750000	  0.909175	  1.010769	  1.081349	 28.711611	  0.976421	  0.989601	  1.024858	226.552660	240.587600	279.012549	  0.918342	  0.923913	  1.091241	 27.552794	  0.969841	  0.975520  1.031487
 28.000000	  0.909746	  1.008608	  1.081972	 28.944279	  0.976404	  0.990563	  1.025338	226.597207	240.279008	278.341311	  0.918276	  0.925070	  1.091917	 27.750860	  0.969406	  0.977964  1.031403
 28.250000	  0.910106	  1.006404	  1.082244	 29.200621	  0.976135	  0.991235	  1.025697	226.775426	239.917794	277.658546	  0.918636	  0.925607	  1.092757	 28.010167	  0.969140	  0.980479  1.031354
 28.500000	  0.910620	  1.004105	  1.082645	 29.439308	  0.975432	  0.991852	  1.025946	226.950563	239.562586	276.993332	  0.919313	  0.926147	  1.093678	 28.238964	  0.969083	  0.982922  1.031205
 28.750000	  0.911132	  1.001739	  1.083066	 29.679727	  0.974986	  0.992371	  1.026413	227.143336	239.289502	276.365732	  0.919776	  0.927437	  1.094317	 28.487568	  0.969121	  0.985598  1.031582
 29.000000	  0.911474	  0.999452	  1.083846	 29.915763	  0.974798	  0.992755	  1.026776	227.354037	239.001490	275.817229	  0.919162	  0.928810	  1.094650	 28.710037	  0.969065	  0.988138  1.032818
 29.250000	  0.911661	  0.997194	  1.085054	 30.154002	  0.974856	  0.993193	  1.026975	227.634504	238.869252	275.129831	  0.918937	  0.930352	  1.094764	 28.932749	  0.969270	  0.990578  1.033918
 29.500000	  0.911925	  0.994663	  1.086335	 30.387684	  0.975010	  0.993704	  1.027146	227.831257	238.794935	274.386319	  0.918860	  0.931745	  1.095001	 29.145860	  0.969576	  0.992742  1.034877
 29.750000	  0.912137	  0.992075	  1.087649	 30.626821	  0.975181	  0.994169	  1.027331	227.977826	238.752208	273.774088	  0.918607	  0.932603	  1.095166	 29.367700	  0.969820	  0.994603  1.035832
 30.000000	  0.912322	  0.989508	  1.088735	 30.862470	  0.975485	  0.994634	  1.027330	228.105722	238.809144	273.286164	  0.918491	  0.933302	  1.094315	 29.608795	  0.969553	  0.996650  1.036578
